Building DAG of jobs...
Using shell: /bin/bash
Provided cores: 4
Rules claiming more threads will be scaled down.
Job stats:
job               count    min threads    max threads
--------------  -------  -------------  -------------
all                   1              1              1
init_net              1              1              1
run_simulation        1              1              1
total                 3              1              1

Select jobs to execute...

[Wed Sep 21 13:15:55 2022]
rule init_net:
    input: data/follower_network.gml, data/config.json
    output: data/infosys_network.gml
    jobid: 2
    reason: Updated input files: data/config.json
    resources: tmpdir=/var/folders/0h/1n_j20xj2zzg446ph069f1z00000gn/T

[Wed Sep 21 13:15:55 2022]
Finished job 2.
1 of 3 steps (33%) done
Select jobs to execute...

[Wed Sep 21 13:15:55 2022]
rule run_simulation:
    input: data/infosys_network.gml, data/config.json
    output: result/results.json, result/tracking.json.gz
    jobid: 1
    reason: Input files updated by another job: data/infosys_network.gml
    resources: tmpdir=/var/folders/0h/1n_j20xj2zzg446ph069f1z00000gn/T

[Wed Sep 21 13:16:00 2022]
Finished job 1.
2 of 3 steps (67%) done
Select jobs to execute...

[Wed Sep 21 13:16:00 2022]
localrule all:
    input: result/results.json
    jobid: 0
    reason: Input files updated by another job: result/results.json
    resources: tmpdir=/var/folders/0h/1n_j20xj2zzg446ph069f1z00000gn/T

[Wed Sep 21 13:16:00 2022]
Finished job 0.
3 of 3 steps (100%) done
Complete log: .snakemake/log/2022-09-21T131554.615417.snakemake.log
