Building DAG of jobs...
Using shell: /bin/bash
Provided cores: 4
Rules claiming more threads will be scaled down.
Job stats:
job               count    min threads    max threads
--------------  -------  -------------  -------------
all                   1              1              1
run_simulation        1              1              1
total                 2              1              1

Select jobs to execute...

[Wed Sep 21 10:50:35 2022]
rule run_simulation:
    input: data/infosys_network.gml, data/config.json
    output: result/results.json, result/tracking.json.gz
    jobid: 0
    reason: Forced execution
    resources: tmpdir=/var/folders/0h/1n_j20xj2zzg446ph069f1z00000gn/T

[Wed Sep 21 10:50:37 2022]
Finished job 0.
1 of 2 steps (50%) done
Select jobs to execute...

[Wed Sep 21 10:50:37 2022]
localrule all:
    input: result/results.json
    jobid: 2
    reason: Input files updated by another job: result/results.json
    resources: tmpdir=/var/folders/0h/1n_j20xj2zzg446ph069f1z00000gn/T

[Wed Sep 21 10:50:37 2022]
Finished job 2.
2 of 2 steps (100%) done
Complete log: .snakemake/log/2022-09-21T105035.488108.snakemake.log
