Building DAG of jobs...
Using shell: /bin/bash
Provided cores: 7
Rules claiming more threads will be scaled down.
Job stats:
job               count    min threads    max threads
--------------  -------  -------------  -------------
all                   1              1              1
run_simulation        5              1              1
total                 6              1              1

Select jobs to execute...

[Tue Oct 25 18:55:56 2022]
rule run_simulation:
    input: data/infosys_network.gml, config_friction/vary_friction_and_learning/mu_fr_0.2-learn_fr_0.18.json
    output: results/25102022_friction_vary_friction_and_learning_3_runs/mu_fr_0.2-learn_fr_0.18.json, verbose/25102022_friction_vary_friction_and_learning_3_runs/mu_fr_0.2-learn_fr_0.18.json.gz
    jobid: 1
    reason: Missing output files: results/25102022_friction_vary_friction_and_learning_3_runs/mu_fr_0.2-learn_fr_0.18.json
    wildcards: exp_name=mu_fr_0.2-learn_fr_0.18
    resources: tmpdir=/var/folders/0h/1n_j20xj2zzg446ph069f1z00000gn/T


[Tue Oct 25 18:55:56 2022]
rule run_simulation:
    input: data/infosys_network.gml, config_friction/vary_friction_and_learning/mu_fr_0.2-learn_fr_0.19.json
    output: results/25102022_friction_vary_friction_and_learning_3_runs/mu_fr_0.2-learn_fr_0.19.json, verbose/25102022_friction_vary_friction_and_learning_3_runs/mu_fr_0.2-learn_fr_0.19.json.gz
    jobid: 4
    reason: Missing output files: results/25102022_friction_vary_friction_and_learning_3_runs/mu_fr_0.2-learn_fr_0.19.json
    wildcards: exp_name=mu_fr_0.2-learn_fr_0.19
    resources: tmpdir=/var/folders/0h/1n_j20xj2zzg446ph069f1z00000gn/T


[Tue Oct 25 18:55:56 2022]
rule run_simulation:
    input: data/infosys_network.gml, config_friction/vary_friction_and_learning/mu_fr_0.2-learn_fr_0.2.json
    output: results/25102022_friction_vary_friction_and_learning_3_runs/mu_fr_0.2-learn_fr_0.2.json, verbose/25102022_friction_vary_friction_and_learning_3_runs/mu_fr_0.2-learn_fr_0.2.json.gz
    jobid: 6
    reason: Missing output files: results/25102022_friction_vary_friction_and_learning_3_runs/mu_fr_0.2-learn_fr_0.2.json
    wildcards: exp_name=mu_fr_0.2-learn_fr_0.2
    resources: tmpdir=/var/folders/0h/1n_j20xj2zzg446ph069f1z00000gn/T


[Tue Oct 25 18:55:56 2022]
rule run_simulation:
    input: data/infosys_network.gml, config_friction/vary_friction_and_learning/mu_fr_0.2-learn_fr_0.185.json
    output: results/25102022_friction_vary_friction_and_learning_3_runs/mu_fr_0.2-learn_fr_0.185.json, verbose/25102022_friction_vary_friction_and_learning_3_runs/mu_fr_0.2-learn_fr_0.185.json.gz
    jobid: 3
    reason: Missing output files: results/25102022_friction_vary_friction_and_learning_3_runs/mu_fr_0.2-learn_fr_0.185.json
    wildcards: exp_name=mu_fr_0.2-learn_fr_0.185
    resources: tmpdir=/var/folders/0h/1n_j20xj2zzg446ph069f1z00000gn/T


[Tue Oct 25 18:55:56 2022]
rule run_simulation:
    input: data/infosys_network.gml, config_friction/vary_friction_and_learning/mu_fr_0.2-learn_fr_0.195.json
    output: results/25102022_friction_vary_friction_and_learning_3_runs/mu_fr_0.2-learn_fr_0.195.json, verbose/25102022_friction_vary_friction_and_learning_3_runs/mu_fr_0.2-learn_fr_0.195.json.gz
    jobid: 5
    reason: Missing output files: results/25102022_friction_vary_friction_and_learning_3_runs/mu_fr_0.2-learn_fr_0.195.json
    wildcards: exp_name=mu_fr_0.2-learn_fr_0.195
    resources: tmpdir=/var/folders/0h/1n_j20xj2zzg446ph069f1z00000gn/T

[Tue Oct 25 19:04:03 2022]
Finished job 4.
1 of 6 steps (17%) done
[Tue Oct 25 19:04:30 2022]
Finished job 3.
2 of 6 steps (33%) done
[Tue Oct 25 19:06:50 2022]
Finished job 1.
3 of 6 steps (50%) done
[Tue Oct 25 19:08:29 2022]
Finished job 6.
4 of 6 steps (67%) done
[Tue Oct 25 19:10:20 2022]
Finished job 5.
5 of 6 steps (83%) done
Select jobs to execute...

[Tue Oct 25 19:10:20 2022]
localrule all:
    input: results/25102022_friction_vary_friction_and_learning_3_runs/mu_fr_0.2-learn_fr_0.18.json, results/25102022_friction_vary_friction_and_learning_3_runs/mu_fr_0.2-learn_fr_0.185.json, results/25102022_friction_vary_friction_and_learning_3_runs/mu_fr_0.2-learn_fr_0.19.json, results/25102022_friction_vary_friction_and_learning_3_runs/mu_fr_0.2-learn_fr_0.195.json, results/25102022_friction_vary_friction_and_learning_3_runs/mu_fr_0.2-learn_fr_0.2.json
    jobid: 0
    reason: Input files updated by another job: results/25102022_friction_vary_friction_and_learning_3_runs/mu_fr_0.2-learn_fr_0.18.json, results/25102022_friction_vary_friction_and_learning_3_runs/mu_fr_0.2-learn_fr_0.2.json, results/25102022_friction_vary_friction_and_learning_3_runs/mu_fr_0.2-learn_fr_0.195.json, results/25102022_friction_vary_friction_and_learning_3_runs/mu_fr_0.2-learn_fr_0.19.json, results/25102022_friction_vary_friction_and_learning_3_runs/mu_fr_0.2-learn_fr_0.185.json
    resources: tmpdir=/var/folders/0h/1n_j20xj2zzg446ph069f1z00000gn/T

[Tue Oct 25 19:10:20 2022]
Finished job 0.
6 of 6 steps (100%) done
Complete log: .snakemake/log/2022-10-25T185555.731992.snakemake.log
