Building DAG of jobs...
Using shell: /bin/bash
Provided cores: 8
Rules claiming more threads will be scaled down.
Job stats:
job               count    min threads    max threads
--------------  -------  -------------  -------------
all                   1              1              1
run_simulation        4              1              1
total                 5              1              1

Select jobs to execute...

[Tue Oct 25 16:03:20 2022]
rule run_simulation:
    input: data/infosys_network.gml, config_friction/vary_friction_and_learning/mu_fr_0.005-learn_fr_0.015.json
    output: results/25102022_friction_vary_friction_and_learning_1_runs/mu_fr_0.005-learn_fr_0.015.json, results/25102022_friction_vary_friction_and_learning_1_runs/mu_fr_0.005-learn_fr_0.015.json.gz
    jobid: 4
    reason: Missing output files: results/25102022_friction_vary_friction_and_learning_1_runs/mu_fr_0.005-learn_fr_0.015.json
    wildcards: exp_name=mu_fr_0.005-learn_fr_0.015
    resources: tmpdir=/var/folders/0h/1n_j20xj2zzg446ph069f1z00000gn/T


[Tue Oct 25 16:03:20 2022]
rule run_simulation:
    input: data/infosys_network.gml, config_friction/vary_friction_and_learning/mu_fr_0.005-learn_fr_0.02.json
    output: results/25102022_friction_vary_friction_and_learning_1_runs/mu_fr_0.005-learn_fr_0.02.json, results/25102022_friction_vary_friction_and_learning_1_runs/mu_fr_0.005-learn_fr_0.02.json.gz
    jobid: 5
    reason: Missing output files: results/25102022_friction_vary_friction_and_learning_1_runs/mu_fr_0.005-learn_fr_0.02.json
    wildcards: exp_name=mu_fr_0.005-learn_fr_0.02
    resources: tmpdir=/var/folders/0h/1n_j20xj2zzg446ph069f1z00000gn/T


[Tue Oct 25 16:03:20 2022]
rule run_simulation:
    input: data/infosys_network.gml, config_friction/vary_friction_and_learning/mu_fr_0.005-learn_fr_0.005.json
    output: results/25102022_friction_vary_friction_and_learning_1_runs/mu_fr_0.005-learn_fr_0.005.json, results/25102022_friction_vary_friction_and_learning_1_runs/mu_fr_0.005-learn_fr_0.005.json.gz
    jobid: 1
    reason: Missing output files: results/25102022_friction_vary_friction_and_learning_1_runs/mu_fr_0.005-learn_fr_0.005.json
    wildcards: exp_name=mu_fr_0.005-learn_fr_0.005
    resources: tmpdir=/var/folders/0h/1n_j20xj2zzg446ph069f1z00000gn/T


[Tue Oct 25 16:03:20 2022]
rule run_simulation:
    input: data/infosys_network.gml, config_friction/vary_friction_and_learning/mu_fr_0.005-learn_fr_0.01.json
    output: results/25102022_friction_vary_friction_and_learning_1_runs/mu_fr_0.005-learn_fr_0.01.json, results/25102022_friction_vary_friction_and_learning_1_runs/mu_fr_0.005-learn_fr_0.01.json.gz
    jobid: 3
    reason: Missing output files: results/25102022_friction_vary_friction_and_learning_1_runs/mu_fr_0.005-learn_fr_0.01.json
    wildcards: exp_name=mu_fr_0.005-learn_fr_0.01
    resources: tmpdir=/var/folders/0h/1n_j20xj2zzg446ph069f1z00000gn/T

[Tue Oct 25 16:04:14 2022]
Finished job 3.
1 of 5 steps (20%) done
[Tue Oct 25 16:05:04 2022]
Finished job 4.
2 of 5 steps (40%) done
[Tue Oct 25 16:05:26 2022]
Finished job 5.
3 of 5 steps (60%) done
[Tue Oct 25 16:07:47 2022]
Finished job 1.
4 of 5 steps (80%) done
Select jobs to execute...

[Tue Oct 25 16:07:47 2022]
localrule all:
    input: results/25102022_friction_vary_friction_and_learning_1_runs/mu_fr_0.005-learn_fr_0.005.json, results/25102022_friction_vary_friction_and_learning_1_runs/mu_fr_0.005-learn_fr_0.01.json, results/25102022_friction_vary_friction_and_learning_1_runs/mu_fr_0.005-learn_fr_0.015.json, results/25102022_friction_vary_friction_and_learning_1_runs/mu_fr_0.005-learn_fr_0.02.json
    jobid: 0
    reason: Input files updated by another job: results/25102022_friction_vary_friction_and_learning_1_runs/mu_fr_0.005-learn_fr_0.005.json, results/25102022_friction_vary_friction_and_learning_1_runs/mu_fr_0.005-learn_fr_0.01.json, results/25102022_friction_vary_friction_and_learning_1_runs/mu_fr_0.005-learn_fr_0.02.json, results/25102022_friction_vary_friction_and_learning_1_runs/mu_fr_0.005-learn_fr_0.015.json
    resources: tmpdir=/var/folders/0h/1n_j20xj2zzg446ph069f1z00000gn/T

[Tue Oct 25 16:07:47 2022]
Finished job 0.
5 of 5 steps (100%) done
Complete log: .snakemake/log/2022-10-25T160319.754078.snakemake.log
