Building DAG of jobs...
Using shell: /bin/bash
Provided cores: 8
Rules claiming more threads will be scaled down.
Job stats:
job               count    min threads    max threads
--------------  -------  -------------  -------------
all                   1              1              1
run_simulation     1641              1              1
total              1642              1              1

Select jobs to execute...

[Tue Oct 25 17:07:47 2022]
rule run_simulation:
    input: data/infosys_network.gml, config_friction/vary_friction_and_learning/mu_fr_0.155-learn_fr_0.035.json
    output: results/25102022_friction_vary_friction_and_learning_2_runs/mu_fr_0.155-learn_fr_0.035.json, verbose/25102022_friction_vary_friction_and_learning_2_runs/mu_fr_0.155-learn_fr_0.035.json.gz
    jobid: 1240
    reason: Missing output files: results/25102022_friction_vary_friction_and_learning_2_runs/mu_fr_0.155-learn_fr_0.035.json
    wildcards: exp_name=mu_fr_0.155-learn_fr_0.035
    resources: tmpdir=/var/folders/0h/1n_j20xj2zzg446ph069f1z00000gn/T


[Tue Oct 25 17:07:47 2022]
rule run_simulation:
    input: data/infosys_network.gml, config_friction/vary_friction_and_learning/mu_fr_0.16-learn_fr_0.065.json
    output: results/25102022_friction_vary_friction_and_learning_2_runs/mu_fr_0.16-learn_fr_0.065.json, verbose/25102022_friction_vary_friction_and_learning_2_runs/mu_fr_0.16-learn_fr_0.065.json.gz
    jobid: 1287
    reason: Missing output files: results/25102022_friction_vary_friction_and_learning_2_runs/mu_fr_0.16-learn_fr_0.065.json
    wildcards: exp_name=mu_fr_0.16-learn_fr_0.065
    resources: tmpdir=/var/folders/0h/1n_j20xj2zzg446ph069f1z00000gn/T


[Tue Oct 25 17:07:47 2022]
rule run_simulation:
    input: data/infosys_network.gml, config_friction/vary_friction_and_learning/mu_fr_0.16-learn_fr_0.115.json
    output: results/25102022_friction_vary_friction_and_learning_2_runs/mu_fr_0.16-learn_fr_0.115.json, verbose/25102022_friction_vary_friction_and_learning_2_runs/mu_fr_0.16-learn_fr_0.115.json.gz
    jobid: 1297
    reason: Missing output files: results/25102022_friction_vary_friction_and_learning_2_runs/mu_fr_0.16-learn_fr_0.115.json
    wildcards: exp_name=mu_fr_0.16-learn_fr_0.115
    resources: tmpdir=/var/folders/0h/1n_j20xj2zzg446ph069f1z00000gn/T


[Tue Oct 25 17:07:47 2022]
rule run_simulation:
    input: data/infosys_network.gml, config_friction/vary_friction_and_learning/mu_fr_0.06-learn_fr_0.185.json
    output: results/25102022_friction_vary_friction_and_learning_2_runs/mu_fr_0.06-learn_fr_0.185.json, verbose/25102022_friction_vary_friction_and_learning_2_runs/mu_fr_0.06-learn_fr_0.185.json.gz
    jobid: 491
    reason: Missing output files: results/25102022_friction_vary_friction_and_learning_2_runs/mu_fr_0.06-learn_fr_0.185.json
    wildcards: exp_name=mu_fr_0.06-learn_fr_0.185
    resources: tmpdir=/var/folders/0h/1n_j20xj2zzg446ph069f1z00000gn/T


[Tue Oct 25 17:07:47 2022]
rule run_simulation:
    input: data/infosys_network.gml, config_friction/vary_friction_and_learning/mu_fr_0.12-learn_fr_0.125.json
    output: results/25102022_friction_vary_friction_and_learning_2_runs/mu_fr_0.12-learn_fr_0.125.json, verbose/25102022_friction_vary_friction_and_learning_2_runs/mu_fr_0.12-learn_fr_0.125.json.gz
    jobid: 971
    reason: Missing output files: results/25102022_friction_vary_friction_and_learning_2_runs/mu_fr_0.12-learn_fr_0.125.json
    wildcards: exp_name=mu_fr_0.12-learn_fr_0.125
    resources: tmpdir=/var/folders/0h/1n_j20xj2zzg446ph069f1z00000gn/T


[Tue Oct 25 17:07:47 2022]
rule run_simulation:
    input: data/infosys_network.gml, config_friction/vary_friction_and_learning/mu_fr_0.13-learn_fr_0.01.json
    output: results/25102022_friction_vary_friction_and_learning_2_runs/mu_fr_0.13-learn_fr_0.01.json, verbose/25102022_friction_vary_friction_and_learning_2_runs/mu_fr_0.13-learn_fr_0.01.json.gz
    jobid: 1030
    reason: Missing output files: results/25102022_friction_vary_friction_and_learning_2_runs/mu_fr_0.13-learn_fr_0.01.json
    wildcards: exp_name=mu_fr_0.13-learn_fr_0.01
    resources: tmpdir=/var/folders/0h/1n_j20xj2zzg446ph069f1z00000gn/T


[Tue Oct 25 17:07:47 2022]
rule run_simulation:
    input: data/infosys_network.gml, config_friction/vary_friction_and_learning/mu_fr_0.16-learn_fr_0.07.json
    output: results/25102022_friction_vary_friction_and_learning_2_runs/mu_fr_0.16-learn_fr_0.07.json, verbose/25102022_friction_vary_friction_and_learning_2_runs/mu_fr_0.16-learn_fr_0.07.json.gz
    jobid: 1288
    reason: Missing output files: results/25102022_friction_vary_friction_and_learning_2_runs/mu_fr_0.16-learn_fr_0.07.json
    wildcards: exp_name=mu_fr_0.16-learn_fr_0.07
    resources: tmpdir=/var/folders/0h/1n_j20xj2zzg446ph069f1z00000gn/T


[Tue Oct 25 17:07:47 2022]
rule run_simulation:
    input: data/infosys_network.gml, config_friction/vary_friction_and_learning/mu_fr_0.005-learn_fr_0.04.json
    output: results/25102022_friction_vary_friction_and_learning_2_runs/mu_fr_0.005-learn_fr_0.04.json, verbose/25102022_friction_vary_friction_and_learning_2_runs/mu_fr_0.005-learn_fr_0.04.json.gz
    jobid: 11
    reason: Missing output files: results/25102022_friction_vary_friction_and_learning_2_runs/mu_fr_0.005-learn_fr_0.04.json
    wildcards: exp_name=mu_fr_0.005-learn_fr_0.04
    resources: tmpdir=/var/folders/0h/1n_j20xj2zzg446ph069f1z00000gn/T

[Tue Oct 25 17:10:36 2022]
Finished job 491.
1 of 1642 steps (0.1%) done
Select jobs to execute...

[Tue Oct 25 17:10:36 2022]
rule run_simulation:
    input: data/infosys_network.gml, config_friction/vary_friction_and_learning/mu_fr_0.19-learn_fr_0.155.json
    output: results/25102022_friction_vary_friction_and_learning_2_runs/mu_fr_0.19-learn_fr_0.155.json, verbose/25102022_friction_vary_friction_and_learning_2_runs/mu_fr_0.19-learn_fr_0.155.json.gz
    jobid: 1551
    reason: Missing output files: results/25102022_friction_vary_friction_and_learning_2_runs/mu_fr_0.19-learn_fr_0.155.json
    wildcards: exp_name=mu_fr_0.19-learn_fr_0.155
    resources: tmpdir=/var/folders/0h/1n_j20xj2zzg446ph069f1z00000gn/T

[Tue Oct 25 17:10:52 2022]
Finished job 1030.
2 of 1642 steps (0.1%) done
Select jobs to execute...

[Tue Oct 25 17:10:52 2022]
rule run_simulation:
    input: data/infosys_network.gml, config_friction/vary_friction_and_learning/mu_fr_0.025-learn_fr_0.03.json
    output: results/25102022_friction_vary_friction_and_learning_2_runs/mu_fr_0.025-learn_fr_0.03.json, verbose/25102022_friction_vary_friction_and_learning_2_runs/mu_fr_0.025-learn_fr_0.03.json.gz
    jobid: 173
    reason: Missing output files: results/25102022_friction_vary_friction_and_learning_2_runs/mu_fr_0.025-learn_fr_0.03.json
    wildcards: exp_name=mu_fr_0.025-learn_fr_0.03
    resources: tmpdir=/var/folders/0h/1n_j20xj2zzg446ph069f1z00000gn/T

[Tue Oct 25 17:12:33 2022]
Finished job 1287.
3 of 1642 steps (0.2%) done
Select jobs to execute...

[Tue Oct 25 17:12:34 2022]
rule run_simulation:
    input: data/infosys_network.gml, config_friction/vary_friction_and_learning/mu_fr_0.08-learn_fr_0.17500000000000002.json
    output: results/25102022_friction_vary_friction_and_learning_2_runs/mu_fr_0.08-learn_fr_0.17500000000000002.json, verbose/25102022_friction_vary_friction_and_learning_2_runs/mu_fr_0.08-learn_fr_0.17500000000000002.json.gz
    jobid: 653
    reason: Missing output files: results/25102022_friction_vary_friction_and_learning_2_runs/mu_fr_0.08-learn_fr_0.17500000000000002.json
    wildcards: exp_name=mu_fr_0.08-learn_fr_0.17500000000000002
    resources: tmpdir=/var/folders/0h/1n_j20xj2zzg446ph069f1z00000gn/T

[Tue Oct 25 17:12:42 2022]
Finished job 1288.
4 of 1642 steps (0.2%) done
Select jobs to execute...

[Tue Oct 25 17:12:42 2022]
rule run_simulation:
    input: data/infosys_network.gml, config_friction/vary_friction_and_learning/mu_fr_0.075-learn_fr_0.08.json
    output: results/25102022_friction_vary_friction_and_learning_2_runs/mu_fr_0.075-learn_fr_0.08.json, verbose/25102022_friction_vary_friction_and_learning_2_runs/mu_fr_0.075-learn_fr_0.08.json.gz
    jobid: 593
    reason: Missing output files: results/25102022_friction_vary_friction_and_learning_2_runs/mu_fr_0.075-learn_fr_0.08.json
    wildcards: exp_name=mu_fr_0.075-learn_fr_0.08
    resources: tmpdir=/var/folders/0h/1n_j20xj2zzg446ph069f1z00000gn/T

[Tue Oct 25 17:13:54 2022]
Finished job 1551.
5 of 1642 steps (0.3%) done
Select jobs to execute...

[Tue Oct 25 17:13:54 2022]
rule run_simulation:
    input: data/infosys_network.gml, config_friction/vary_friction_and_learning/mu_fr_0.025-learn_fr_0.035.json
    output: results/25102022_friction_vary_friction_and_learning_2_runs/mu_fr_0.025-learn_fr_0.035.json, verbose/25102022_friction_vary_friction_and_learning_2_runs/mu_fr_0.025-learn_fr_0.035.json.gz
    jobid: 174
    reason: Missing output files: results/25102022_friction_vary_friction_and_learning_2_runs/mu_fr_0.025-learn_fr_0.035.json
    wildcards: exp_name=mu_fr_0.025-learn_fr_0.035
    resources: tmpdir=/var/folders/0h/1n_j20xj2zzg446ph069f1z00000gn/T

[Tue Oct 25 17:15:49 2022]
Finished job 11.
6 of 1642 steps (0.4%) done
Select jobs to execute...

[Tue Oct 25 17:15:49 2022]
rule run_simulation:
    input: data/infosys_network.gml, config_friction/vary_friction_and_learning/mu_fr_0.075-learn_fr_0.085.json
    output: results/25102022_friction_vary_friction_and_learning_2_runs/mu_fr_0.075-learn_fr_0.085.json, verbose/25102022_friction_vary_friction_and_learning_2_runs/mu_fr_0.075-learn_fr_0.085.json.gz
    jobid: 594
    reason: Missing output files: results/25102022_friction_vary_friction_and_learning_2_runs/mu_fr_0.075-learn_fr_0.085.json
    wildcards: exp_name=mu_fr_0.075-learn_fr_0.085
    resources: tmpdir=/var/folders/0h/1n_j20xj2zzg446ph069f1z00000gn/T

[Tue Oct 25 17:16:05 2022]
Finished job 173.
7 of 1642 steps (0.4%) done
Select jobs to execute...

[Tue Oct 25 17:16:05 2022]
rule run_simulation:
    input: data/infosys_network.gml, config_friction/vary_friction_and_learning/mu_fr_0.19-learn_fr_0.165.json
    output: results/25102022_friction_vary_friction_and_learning_2_runs/mu_fr_0.19-learn_fr_0.165.json, verbose/25102022_friction_vary_friction_and_learning_2_runs/mu_fr_0.19-learn_fr_0.165.json.gz
    jobid: 1553
    reason: Missing output files: results/25102022_friction_vary_friction_and_learning_2_runs/mu_fr_0.19-learn_fr_0.165.json
    wildcards: exp_name=mu_fr_0.19-learn_fr_0.165
    resources: tmpdir=/var/folders/0h/1n_j20xj2zzg446ph069f1z00000gn/T

[Tue Oct 25 17:16:35 2022]
Finished job 653.
8 of 1642 steps (0.5%) done
Select jobs to execute...

[Tue Oct 25 17:16:35 2022]
rule run_simulation:
    input: data/infosys_network.gml, config_friction/vary_friction_and_learning/mu_fr_0.08-learn_fr_0.18.json
    output: results/25102022_friction_vary_friction_and_learning_2_runs/mu_fr_0.08-learn_fr_0.18.json, verbose/25102022_friction_vary_friction_and_learning_2_runs/mu_fr_0.08-learn_fr_0.18.json.gz
    jobid: 654
    reason: Missing output files: results/25102022_friction_vary_friction_and_learning_2_runs/mu_fr_0.08-learn_fr_0.18.json
    wildcards: exp_name=mu_fr_0.08-learn_fr_0.18
    resources: tmpdir=/var/folders/0h/1n_j20xj2zzg446ph069f1z00000gn/T

[Tue Oct 25 17:17:28 2022]
Finished job 971.
9 of 1642 steps (1%) done
Select jobs to execute...

[Tue Oct 25 17:17:28 2022]
rule run_simulation:
    input: data/infosys_network.gml, config_friction/vary_friction_and_learning/mu_fr_0.075-learn_fr_0.09.json
    output: results/25102022_friction_vary_friction_and_learning_2_runs/mu_fr_0.075-learn_fr_0.09.json, verbose/25102022_friction_vary_friction_and_learning_2_runs/mu_fr_0.075-learn_fr_0.09.json.gz
    jobid: 595
    reason: Missing output files: results/25102022_friction_vary_friction_and_learning_2_runs/mu_fr_0.075-learn_fr_0.09.json
    wildcards: exp_name=mu_fr_0.075-learn_fr_0.09
    resources: tmpdir=/var/folders/0h/1n_j20xj2zzg446ph069f1z00000gn/T

[Tue Oct 25 17:17:46 2022]
Finished job 1553.
10 of 1642 steps (1%) done
Select jobs to execute...

[Tue Oct 25 17:17:46 2022]
rule run_simulation:
    input: data/infosys_network.gml, config_friction/vary_friction_and_learning/mu_fr_0.08-learn_fr_0.185.json
    output: results/25102022_friction_vary_friction_and_learning_2_runs/mu_fr_0.08-learn_fr_0.185.json, verbose/25102022_friction_vary_friction_and_learning_2_runs/mu_fr_0.08-learn_fr_0.185.json.gz
    jobid: 655
    reason: Missing output files: results/25102022_friction_vary_friction_and_learning_2_runs/mu_fr_0.08-learn_fr_0.185.json
    wildcards: exp_name=mu_fr_0.08-learn_fr_0.185
    resources: tmpdir=/var/folders/0h/1n_j20xj2zzg446ph069f1z00000gn/T

[Tue Oct 25 17:19:35 2022]
Finished job 174.
11 of 1642 steps (1%) done
Select jobs to execute...

[Tue Oct 25 17:19:35 2022]
rule run_simulation:
    input: data/infosys_network.gml, config_friction/vary_friction_and_learning/mu_fr_0.025-learn_fr_0.045.json
    output: results/25102022_friction_vary_friction_and_learning_2_runs/mu_fr_0.025-learn_fr_0.045.json, verbose/25102022_friction_vary_friction_and_learning_2_runs/mu_fr_0.025-learn_fr_0.045.json.gz
    jobid: 176
    reason: Missing output files: results/25102022_friction_vary_friction_and_learning_2_runs/mu_fr_0.025-learn_fr_0.045.json
    wildcards: exp_name=mu_fr_0.025-learn_fr_0.045
    resources: tmpdir=/var/folders/0h/1n_j20xj2zzg446ph069f1z00000gn/T

[Tue Oct 25 17:20:01 2022]
Finished job 654.
12 of 1642 steps (1%) done
Select jobs to execute...

[Tue Oct 25 17:20:01 2022]
rule run_simulation:
    input: data/infosys_network.gml, config_friction/vary_friction_and_learning/mu_fr_0.19-learn_fr_0.17.json
    output: results/25102022_friction_vary_friction_and_learning_2_runs/mu_fr_0.19-learn_fr_0.17.json, verbose/25102022_friction_vary_friction_and_learning_2_runs/mu_fr_0.19-learn_fr_0.17.json.gz
    jobid: 1554
    reason: Missing output files: results/25102022_friction_vary_friction_and_learning_2_runs/mu_fr_0.19-learn_fr_0.17.json
    wildcards: exp_name=mu_fr_0.19-learn_fr_0.17
    resources: tmpdir=/var/folders/0h/1n_j20xj2zzg446ph069f1z00000gn/T

[Tue Oct 25 17:20:15 2022]
Finished job 594.
13 of 1642 steps (1%) done
Select jobs to execute...

[Tue Oct 25 17:20:15 2022]
rule run_simulation:
    input: data/infosys_network.gml, config_friction/vary_friction_and_learning/mu_fr_0.08-learn_fr_0.19.json
    output: results/25102022_friction_vary_friction_and_learning_2_runs/mu_fr_0.08-learn_fr_0.19.json, verbose/25102022_friction_vary_friction_and_learning_2_runs/mu_fr_0.08-learn_fr_0.19.json.gz
    jobid: 656
    reason: Missing output files: results/25102022_friction_vary_friction_and_learning_2_runs/mu_fr_0.08-learn_fr_0.19.json
    wildcards: exp_name=mu_fr_0.08-learn_fr_0.19
    resources: tmpdir=/var/folders/0h/1n_j20xj2zzg446ph069f1z00000gn/T

[Tue Oct 25 17:21:20 2022]
Finished job 1240.
14 of 1642 steps (1%) done
Select jobs to execute...

[Tue Oct 25 17:21:20 2022]
rule run_simulation:
    input: data/infosys_network.gml, config_friction/vary_friction_and_learning/mu_fr_0.19-learn_fr_0.17500000000000002.json
    output: results/25102022_friction_vary_friction_and_learning_2_runs/mu_fr_0.19-learn_fr_0.17500000000000002.json, verbose/25102022_friction_vary_friction_and_learning_2_runs/mu_fr_0.19-learn_fr_0.17500000000000002.json.gz
    jobid: 1555
    reason: Missing output files: results/25102022_friction_vary_friction_and_learning_2_runs/mu_fr_0.19-learn_fr_0.17500000000000002.json
    wildcards: exp_name=mu_fr_0.19-learn_fr_0.17500000000000002
    resources: tmpdir=/var/folders/0h/1n_j20xj2zzg446ph069f1z00000gn/T

[Tue Oct 25 17:23:46 2022]
Finished job 595.
15 of 1642 steps (1%) done
Select jobs to execute...

[Tue Oct 25 17:23:46 2022]
rule run_simulation:
    input: data/infosys_network.gml, config_friction/vary_friction_and_learning/mu_fr_0.075-learn_fr_0.1.json
    output: results/25102022_friction_vary_friction_and_learning_2_runs/mu_fr_0.075-learn_fr_0.1.json, verbose/25102022_friction_vary_friction_and_learning_2_runs/mu_fr_0.075-learn_fr_0.1.json.gz
    jobid: 597
    reason: Missing output files: results/25102022_friction_vary_friction_and_learning_2_runs/mu_fr_0.075-learn_fr_0.1.json
    wildcards: exp_name=mu_fr_0.075-learn_fr_0.1
    resources: tmpdir=/var/folders/0h/1n_j20xj2zzg446ph069f1z00000gn/T

[Tue Oct 25 17:24:22 2022]
Finished job 176.
16 of 1642 steps (1%) done
Select jobs to execute...

[Tue Oct 25 17:24:22 2022]
rule run_simulation:
    input: data/infosys_network.gml, config_friction/vary_friction_and_learning/mu_fr_0.025-learn_fr_0.05.json
    output: results/25102022_friction_vary_friction_and_learning_2_runs/mu_fr_0.025-learn_fr_0.05.json, verbose/25102022_friction_vary_friction_and_learning_2_runs/mu_fr_0.025-learn_fr_0.05.json.gz
    jobid: 177
    reason: Missing output files: results/25102022_friction_vary_friction_and_learning_2_runs/mu_fr_0.025-learn_fr_0.05.json
    wildcards: exp_name=mu_fr_0.025-learn_fr_0.05
    resources: tmpdir=/var/folders/0h/1n_j20xj2zzg446ph069f1z00000gn/T

[Tue Oct 25 17:24:23 2022]
Finished job 593.
17 of 1642 steps (1%) done
Select jobs to execute...

[Tue Oct 25 17:24:23 2022]
rule run_simulation:
    input: data/infosys_network.gml, config_friction/vary_friction_and_learning/mu_fr_0.19-learn_fr_0.18.json
    output: results/25102022_friction_vary_friction_and_learning_2_runs/mu_fr_0.19-learn_fr_0.18.json, verbose/25102022_friction_vary_friction_and_learning_2_runs/mu_fr_0.19-learn_fr_0.18.json.gz
    jobid: 1556
    reason: Missing output files: results/25102022_friction_vary_friction_and_learning_2_runs/mu_fr_0.19-learn_fr_0.18.json
    wildcards: exp_name=mu_fr_0.19-learn_fr_0.18
    resources: tmpdir=/var/folders/0h/1n_j20xj2zzg446ph069f1z00000gn/T

[Tue Oct 25 17:24:42 2022]
Finished job 1297.
18 of 1642 steps (1%) done
Select jobs to execute...

[Tue Oct 25 17:24:42 2022]
rule run_simulation:
    input: data/infosys_network.gml, config_friction/vary_friction_and_learning/mu_fr_0.025-learn_fr_0.055.json
    output: results/25102022_friction_vary_friction_and_learning_2_runs/mu_fr_0.025-learn_fr_0.055.json, verbose/25102022_friction_vary_friction_and_learning_2_runs/mu_fr_0.025-learn_fr_0.055.json.gz
    jobid: 178
    reason: Missing output files: results/25102022_friction_vary_friction_and_learning_2_runs/mu_fr_0.025-learn_fr_0.055.json
    wildcards: exp_name=mu_fr_0.025-learn_fr_0.055
    resources: tmpdir=/var/folders/0h/1n_j20xj2zzg446ph069f1z00000gn/T

[Tue Oct 25 17:26:27 2022]
Finished job 1555.
19 of 1642 steps (1%) done
Select jobs to execute...

[Tue Oct 25 17:26:27 2022]
rule run_simulation:
    input: data/infosys_network.gml, config_friction/vary_friction_and_learning/mu_fr_0.08-learn_fr_0.2.json
    output: results/25102022_friction_vary_friction_and_learning_2_runs/mu_fr_0.08-learn_fr_0.2.json, verbose/25102022_friction_vary_friction_and_learning_2_runs/mu_fr_0.08-learn_fr_0.2.json.gz
    jobid: 658
    reason: Missing output files: results/25102022_friction_vary_friction_and_learning_2_runs/mu_fr_0.08-learn_fr_0.2.json
    wildcards: exp_name=mu_fr_0.08-learn_fr_0.2
    resources: tmpdir=/var/folders/0h/1n_j20xj2zzg446ph069f1z00000gn/T

[Tue Oct 25 17:27:09 2022]
Finished job 1554.
20 of 1642 steps (1%) done
Select jobs to execute...

[Tue Oct 25 17:27:09 2022]
rule run_simulation:
    input: data/infosys_network.gml, config_friction/vary_friction_and_learning/mu_fr_0.075-learn_fr_0.105.json
    output: results/25102022_friction_vary_friction_and_learning_2_runs/mu_fr_0.075-learn_fr_0.105.json, verbose/25102022_friction_vary_friction_and_learning_2_runs/mu_fr_0.075-learn_fr_0.105.json.gz
    jobid: 598
    reason: Missing output files: results/25102022_friction_vary_friction_and_learning_2_runs/mu_fr_0.075-learn_fr_0.105.json
    wildcards: exp_name=mu_fr_0.075-learn_fr_0.105
    resources: tmpdir=/var/folders/0h/1n_j20xj2zzg446ph069f1z00000gn/T

Terminating processes on user request, this might take some time.
[Tue Oct 25 17:28:14 2022]
Error in rule run_simulation:
    jobid: 658
    output: results/25102022_friction_vary_friction_and_learning_2_runs/mu_fr_0.08-learn_fr_0.2.json, verbose/25102022_friction_vary_friction_and_learning_2_runs/mu_fr_0.08-learn_fr_0.2.json.gz
    shell:
        
        python3 -m workflow.scripts.driver -i data/infosys_network.gml -o results/25102022_friction_vary_friction_and_learning_2_runs/mu_fr_0.08-learn_fr_0.2.json -v verbose/25102022_friction_vary_friction_and_learning_2_runs/mu_fr_0.08-learn_fr_0.2.json.gz --config config_friction/vary_friction_and_learning/mu_fr_0.08-learn_fr_0.2.json --times 2 --mode igraph
    
        (one of the commands exited with non-zero exit code; note that snakemake uses bash strict mode!)

[Tue Oct 25 17:28:14 2022]
Error in rule run_simulation:
    jobid: 598
    output: results/25102022_friction_vary_friction_and_learning_2_runs/mu_fr_0.075-learn_fr_0.105.json, verbose/25102022_friction_vary_friction_and_learning_2_runs/mu_fr_0.075-learn_fr_0.105.json.gz
    shell:
        
        python3 -m workflow.scripts.driver -i data/infosys_network.gml -o results/25102022_friction_vary_friction_and_learning_2_runs/mu_fr_0.075-learn_fr_0.105.json -v verbose/25102022_friction_vary_friction_and_learning_2_runs/mu_fr_0.075-learn_fr_0.105.json.gz --config config_friction/vary_friction_and_learning/mu_fr_0.075-learn_fr_0.105.json --times 2 --mode igraph
    
        (one of the commands exited with non-zero exit code; note that snakemake uses bash strict mode!)

[Tue Oct 25 17:28:14 2022]
Error in rule run_simulation:
    jobid: 177
    output: results/25102022_friction_vary_friction_and_learning_2_runs/mu_fr_0.025-learn_fr_0.05.json, verbose/25102022_friction_vary_friction_and_learning_2_runs/mu_fr_0.025-learn_fr_0.05.json.gz
    shell:
        
        python3 -m workflow.scripts.driver -i data/infosys_network.gml -o results/25102022_friction_vary_friction_and_learning_2_runs/mu_fr_0.025-learn_fr_0.05.json -v verbose/25102022_friction_vary_friction_and_learning_2_runs/mu_fr_0.025-learn_fr_0.05.json.gz --config config_friction/vary_friction_and_learning/mu_fr_0.025-learn_fr_0.05.json --times 2 --mode igraph
    
        (one of the commands exited with non-zero exit code; note that snakemake uses bash strict mode!)

[Tue Oct 25 17:28:14 2022]
Error in rule run_simulation:
    jobid: 1556
    output: results/25102022_friction_vary_friction_and_learning_2_runs/mu_fr_0.19-learn_fr_0.18.json, verbose/25102022_friction_vary_friction_and_learning_2_runs/mu_fr_0.19-learn_fr_0.18.json.gz
    shell:
        
        python3 -m workflow.scripts.driver -i data/infosys_network.gml -o results/25102022_friction_vary_friction_and_learning_2_runs/mu_fr_0.19-learn_fr_0.18.json -v verbose/25102022_friction_vary_friction_and_learning_2_runs/mu_fr_0.19-learn_fr_0.18.json.gz --config config_friction/vary_friction_and_learning/mu_fr_0.19-learn_fr_0.18.json --times 2 --mode igraph
    
        (one of the commands exited with non-zero exit code; note that snakemake uses bash strict mode!)

[Tue Oct 25 17:28:14 2022]
Error in rule run_simulation:
    jobid: 178
    output: results/25102022_friction_vary_friction_and_learning_2_runs/mu_fr_0.025-learn_fr_0.055.json, verbose/25102022_friction_vary_friction_and_learning_2_runs/mu_fr_0.025-learn_fr_0.055.json.gz
    shell:
        
        python3 -m workflow.scripts.driver -i data/infosys_network.gml -o results/25102022_friction_vary_friction_and_learning_2_runs/mu_fr_0.025-learn_fr_0.055.json -v verbose/25102022_friction_vary_friction_and_learning_2_runs/mu_fr_0.025-learn_fr_0.055.json.gz --config config_friction/vary_friction_and_learning/mu_fr_0.025-learn_fr_0.055.json --times 2 --mode igraph
    
        (one of the commands exited with non-zero exit code; note that snakemake uses bash strict mode!)

[Tue Oct 25 17:28:14 2022]
Error in rule run_simulation:
    jobid: 597
    output: results/25102022_friction_vary_friction_and_learning_2_runs/mu_fr_0.075-learn_fr_0.1.json, verbose/25102022_friction_vary_friction_and_learning_2_runs/mu_fr_0.075-learn_fr_0.1.json.gz
    shell:
        
        python3 -m workflow.scripts.driver -i data/infosys_network.gml -o results/25102022_friction_vary_friction_and_learning_2_runs/mu_fr_0.075-learn_fr_0.1.json -v verbose/25102022_friction_vary_friction_and_learning_2_runs/mu_fr_0.075-learn_fr_0.1.json.gz --config config_friction/vary_friction_and_learning/mu_fr_0.075-learn_fr_0.1.json --times 2 --mode igraph
    
        (one of the commands exited with non-zero exit code; note that snakemake uses bash strict mode!)

[Tue Oct 25 17:28:14 2022]
Error in rule run_simulation:
    jobid: 655
    output: results/25102022_friction_vary_friction_and_learning_2_runs/mu_fr_0.08-learn_fr_0.185.json, verbose/25102022_friction_vary_friction_and_learning_2_runs/mu_fr_0.08-learn_fr_0.185.json.gz
    shell:
        
        python3 -m workflow.scripts.driver -i data/infosys_network.gml -o results/25102022_friction_vary_friction_and_learning_2_runs/mu_fr_0.08-learn_fr_0.185.json -v verbose/25102022_friction_vary_friction_and_learning_2_runs/mu_fr_0.08-learn_fr_0.185.json.gz --config config_friction/vary_friction_and_learning/mu_fr_0.08-learn_fr_0.185.json --times 2 --mode igraph
    
        (one of the commands exited with non-zero exit code; note that snakemake uses bash strict mode!)

[Tue Oct 25 17:28:14 2022]
Error in rule run_simulation:
    jobid: 656
    output: results/25102022_friction_vary_friction_and_learning_2_runs/mu_fr_0.08-learn_fr_0.19.json, verbose/25102022_friction_vary_friction_and_learning_2_runs/mu_fr_0.08-learn_fr_0.19.json.gz
    shell:
        
        python3 -m workflow.scripts.driver -i data/infosys_network.gml -o results/25102022_friction_vary_friction_and_learning_2_runs/mu_fr_0.08-learn_fr_0.19.json -v verbose/25102022_friction_vary_friction_and_learning_2_runs/mu_fr_0.08-learn_fr_0.19.json.gz --config config_friction/vary_friction_and_learning/mu_fr_0.08-learn_fr_0.19.json --times 2 --mode igraph
    
        (one of the commands exited with non-zero exit code; note that snakemake uses bash strict mode!)

Complete log: .snakemake/log/2022-10-25T170746.299987.snakemake.log
