Building DAG of jobs...
Using shell: /bin/bash
Provided cores: 1 (use --cores to define parallelism)
Rules claiming more threads will be scaled down.
Job stats:
job               count    min threads    max threads
--------------  -------  -------------  -------------
all                   1              1              1
init_net              1              1              1
run_simulation        1              1              1
total                 3              1              1

Select jobs to execute...

[Fri Sep 30 07:21:40 2022]
rule init_net:
    input: data/Amended_BA_Friction_m=3_n=1000_coeff=.29.gml, data/config.json
    output: data/infosys_network.gml
    jobid: 2
    reason: Updated input files: data/config.json
    resources: tmpdir=/var/folders/0h/1n_j20xj2zzg446ph069f1z00000gn/T

[Fri Sep 30 07:21:41 2022]
Finished job 2.
1 of 3 steps (33%) done
Select jobs to execute...

[Fri Sep 30 07:21:41 2022]
rule run_simulation:
    input: data/infosys_network.gml, data/config.json
    output: result/results.json, result/tracking.json.gz
    jobid: 1
    reason: Input files updated by another job: data/infosys_network.gml
    resources: tmpdir=/var/folders/0h/1n_j20xj2zzg446ph069f1z00000gn/T

Terminating processes on user request, this might take some time.
[Fri Sep 30 07:25:08 2022]
Error in rule run_simulation:
    jobid: 1
    output: result/results.json, result/tracking.json.gz
    shell:
        
        python3 -m workflow.scripts.driver -i data/infosys_network.gml -o result/results.json -v result/tracking.json.gz --config data/config.json --times 1 --mode igraph
    
        (one of the commands exited with non-zero exit code; note that snakemake uses bash strict mode!)

Complete log: .snakemake/log/2022-09-30T072140.380506.snakemake.log
