Building DAG of jobs...
Using shell: /bin/bash
Provided cores: 8
Rules claiming more threads will be scaled down.
Job stats:
job               count    min threads    max threads
--------------  -------  -------------  -------------
all                   1              1              1
run_simulation        4              1              1
total                 5              1              1

Select jobs to execute...

[Tue Oct 25 16:25:09 2022]
rule run_simulation:
    input: data/infosys_network.gml, config_friction/vary_friction_and_learning/mu_fr_0.005-learn_fr_0.005.json
    output: results/25102022_friction_vary_friction_and_learning_1_runs/mu_fr_0.005-learn_fr_0.005.json, verbose/25102022_friction_vary_friction_and_learning_1_runs/mu_fr_0.005-learn_fr_0.005.json.gz
    jobid: 4
    reason: Missing output files: results/25102022_friction_vary_friction_and_learning_1_runs/mu_fr_0.005-learn_fr_0.005.json
    wildcards: exp_name=mu_fr_0.005-learn_fr_0.005
    resources: tmpdir=/var/folders/0h/1n_j20xj2zzg446ph069f1z00000gn/T


[Tue Oct 25 16:25:09 2022]
rule run_simulation:
    input: data/infosys_network.gml, config_friction/vary_friction_and_learning/mu_fr_0.005-learn_fr_0.01.json
    output: results/25102022_friction_vary_friction_and_learning_1_runs/mu_fr_0.005-learn_fr_0.01.json, verbose/25102022_friction_vary_friction_and_learning_1_runs/mu_fr_0.005-learn_fr_0.01.json.gz
    jobid: 5
    reason: Missing output files: results/25102022_friction_vary_friction_and_learning_1_runs/mu_fr_0.005-learn_fr_0.01.json
    wildcards: exp_name=mu_fr_0.005-learn_fr_0.01
    resources: tmpdir=/var/folders/0h/1n_j20xj2zzg446ph069f1z00000gn/T


[Tue Oct 25 16:25:09 2022]
rule run_simulation:
    input: data/infosys_network.gml, config_friction/vary_friction_and_learning/mu_fr_0.0-learn_fr_0.0.json
    output: results/25102022_friction_vary_friction_and_learning_1_runs/mu_fr_0.0-learn_fr_0.0.json, verbose/25102022_friction_vary_friction_and_learning_1_runs/mu_fr_0.0-learn_fr_0.0.json.gz
    jobid: 1
    reason: Missing output files: results/25102022_friction_vary_friction_and_learning_1_runs/mu_fr_0.0-learn_fr_0.0.json
    wildcards: exp_name=mu_fr_0.0-learn_fr_0.0
    resources: tmpdir=/var/folders/0h/1n_j20xj2zzg446ph069f1z00000gn/T


[Tue Oct 25 16:25:10 2022]
rule run_simulation:
    input: data/infosys_network.gml, config_friction/vary_friction_and_learning/mu_fr_0.005-learn_fr_0.0.json
    output: results/25102022_friction_vary_friction_and_learning_1_runs/mu_fr_0.005-learn_fr_0.0.json, verbose/25102022_friction_vary_friction_and_learning_1_runs/mu_fr_0.005-learn_fr_0.0.json.gz
    jobid: 3
    reason: Missing output files: results/25102022_friction_vary_friction_and_learning_1_runs/mu_fr_0.005-learn_fr_0.0.json
    wildcards: exp_name=mu_fr_0.005-learn_fr_0.0
    resources: tmpdir=/var/folders/0h/1n_j20xj2zzg446ph069f1z00000gn/T

Terminating processes on user request, this might take some time.
[Tue Oct 25 16:25:18 2022]
Error in rule run_simulation:
    jobid: 3
    output: results/25102022_friction_vary_friction_and_learning_1_runs/mu_fr_0.005-learn_fr_0.0.json, verbose/25102022_friction_vary_friction_and_learning_1_runs/mu_fr_0.005-learn_fr_0.0.json.gz
    shell:
        
        python3 -m workflow.scripts.driver -i data/infosys_network.gml -o results/25102022_friction_vary_friction_and_learning_1_runs/mu_fr_0.005-learn_fr_0.0.json -v verbose/25102022_friction_vary_friction_and_learning_1_runs/mu_fr_0.005-learn_fr_0.0.json.gz --config config_friction/vary_friction_and_learning/mu_fr_0.005-learn_fr_0.0.json --times 1 --mode igraph
    
        (one of the commands exited with non-zero exit code; note that snakemake uses bash strict mode!)

[Tue Oct 25 16:25:18 2022]
Error in rule run_simulation:
    jobid: 5
    output: results/25102022_friction_vary_friction_and_learning_1_runs/mu_fr_0.005-learn_fr_0.01.json, verbose/25102022_friction_vary_friction_and_learning_1_runs/mu_fr_0.005-learn_fr_0.01.json.gz
    shell:
        
        python3 -m workflow.scripts.driver -i data/infosys_network.gml -o results/25102022_friction_vary_friction_and_learning_1_runs/mu_fr_0.005-learn_fr_0.01.json -v verbose/25102022_friction_vary_friction_and_learning_1_runs/mu_fr_0.005-learn_fr_0.01.json.gz --config config_friction/vary_friction_and_learning/mu_fr_0.005-learn_fr_0.01.json --times 1 --mode igraph
    
        (one of the commands exited with non-zero exit code; note that snakemake uses bash strict mode!)

[Tue Oct 25 16:25:18 2022]
Error in rule run_simulation:
    jobid: 1
    output: results/25102022_friction_vary_friction_and_learning_1_runs/mu_fr_0.0-learn_fr_0.0.json, verbose/25102022_friction_vary_friction_and_learning_1_runs/mu_fr_0.0-learn_fr_0.0.json.gz
    shell:
        
        python3 -m workflow.scripts.driver -i data/infosys_network.gml -o results/25102022_friction_vary_friction_and_learning_1_runs/mu_fr_0.0-learn_fr_0.0.json -v verbose/25102022_friction_vary_friction_and_learning_1_runs/mu_fr_0.0-learn_fr_0.0.json.gz --config config_friction/vary_friction_and_learning/mu_fr_0.0-learn_fr_0.0.json --times 1 --mode igraph
    
        (one of the commands exited with non-zero exit code; note that snakemake uses bash strict mode!)

[Tue Oct 25 16:25:18 2022]
Error in rule run_simulation:
    jobid: 4
    output: results/25102022_friction_vary_friction_and_learning_1_runs/mu_fr_0.005-learn_fr_0.005.json, verbose/25102022_friction_vary_friction_and_learning_1_runs/mu_fr_0.005-learn_fr_0.005.json.gz
    shell:
        
        python3 -m workflow.scripts.driver -i data/infosys_network.gml -o results/25102022_friction_vary_friction_and_learning_1_runs/mu_fr_0.005-learn_fr_0.005.json -v verbose/25102022_friction_vary_friction_and_learning_1_runs/mu_fr_0.005-learn_fr_0.005.json.gz --config config_friction/vary_friction_and_learning/mu_fr_0.005-learn_fr_0.005.json --times 1 --mode igraph
    
        (one of the commands exited with non-zero exit code; note that snakemake uses bash strict mode!)

Complete log: .snakemake/log/2022-10-25T162509.477233.snakemake.log
