Building DAG of jobs...
Using shell: /bin/bash
Provided cores: 1 (use --cores to define parallelism)
Rules claiming more threads will be scaled down.
Job stats:
job               count    min threads    max threads
--------------  -------  -------------  -------------
all                   1              1              1
init_net              1              1              1
run_simulation        1              1              1
total                 3              1              1

Select jobs to execute...

[Wed Sep 21 07:31:28 2022]
rule init_net:
    input: data/follower_network.gml, data/config.json
    output: data/infosys_network.gml
    jobid: 2
    reason: Missing output files: data/infosys_network.gml
    resources: tmpdir=/var/folders/0h/1n_j20xj2zzg446ph069f1z00000gn/T

[Wed Sep 21 07:31:29 2022]
Error in rule init_net:
    jobid: 2
    output: data/infosys_network.gml
    shell:
        
            python3 -m workflow.scripts.init_net -i data/follower_network.gml -o data/infosys_network.gml --config data/config.json --mode igraph
        
        (one of the commands exited with non-zero exit code; note that snakemake uses bash strict mode!)

Shutting down, this might take some time.
Exiting because a job execution failed. Look above for error message
Complete log: .snakemake/log/2022-09-21T073128.074466.snakemake.log
