Building DAG of jobs...
Using shell: /bin/bash
Provided cores: 7
Rules claiming more threads will be scaled down.
Job stats:
job               count    min threads    max threads
--------------  -------  -------------  -------------
all                   1              1              1
run_simulation        2              1              1
total                 3              1              1

Select jobs to execute...

[Tue Oct 25 19:35:23 2022]
rule run_simulation:
    input: data/infosys_network.gml, config_friction/vary_friction_and_learning/mu_fr_0.5-learn_fr_0.495.json
    output: results/25102022_friction_vary_friction_and_learning_4_runs/mu_fr_0.5-learn_fr_0.495.json, verbose/25102022_friction_vary_friction_and_learning_4_runs/mu_fr_0.5-learn_fr_0.495.json.gz
    jobid: 1
    reason: Missing output files: results/25102022_friction_vary_friction_and_learning_4_runs/mu_fr_0.5-learn_fr_0.495.json
    wildcards: exp_name=mu_fr_0.5-learn_fr_0.495
    resources: tmpdir=/var/folders/0h/1n_j20xj2zzg446ph069f1z00000gn/T


[Tue Oct 25 19:35:23 2022]
rule run_simulation:
    input: data/infosys_network.gml, config_friction/vary_friction_and_learning/mu_fr_0.5-learn_fr_0.5.json
    output: results/25102022_friction_vary_friction_and_learning_4_runs/mu_fr_0.5-learn_fr_0.5.json, verbose/25102022_friction_vary_friction_and_learning_4_runs/mu_fr_0.5-learn_fr_0.5.json.gz
    jobid: 3
    reason: Missing output files: results/25102022_friction_vary_friction_and_learning_4_runs/mu_fr_0.5-learn_fr_0.5.json
    wildcards: exp_name=mu_fr_0.5-learn_fr_0.5
    resources: tmpdir=/var/folders/0h/1n_j20xj2zzg446ph069f1z00000gn/T

[Tue Oct 25 19:38:35 2022]
Finished job 3.
1 of 3 steps (33%) done
[Tue Oct 25 19:41:23 2022]
Finished job 1.
2 of 3 steps (67%) done
Select jobs to execute...

[Tue Oct 25 19:41:23 2022]
localrule all:
    input: results/25102022_friction_vary_friction_and_learning_4_runs/mu_fr_0.5-learn_fr_0.495.json, results/25102022_friction_vary_friction_and_learning_4_runs/mu_fr_0.5-learn_fr_0.5.json
    jobid: 0
    reason: Input files updated by another job: results/25102022_friction_vary_friction_and_learning_4_runs/mu_fr_0.5-learn_fr_0.495.json, results/25102022_friction_vary_friction_and_learning_4_runs/mu_fr_0.5-learn_fr_0.5.json
    resources: tmpdir=/var/folders/0h/1n_j20xj2zzg446ph069f1z00000gn/T

[Tue Oct 25 19:41:23 2022]
Finished job 0.
3 of 3 steps (100%) done
Complete log: .snakemake/log/2022-10-25T193523.370639.snakemake.log
