Building DAG of jobs...
Using shell: /bin/bash
Provided cores: 8
Rules claiming more threads will be scaled down.
Job stats:
job               count    min threads    max threads
--------------  -------  -------------  -------------
all                   1              1              1
run_simulation       10              1              1
total                11              1              1

Select jobs to execute...

[Tue Oct 25 16:42:39 2022]
rule run_simulation:
    input: data/infosys_network.gml, config_friction/vary_friction_and_learning/mu_fr_0.2-learn_fr_0.155.json
    output: results/25102022_friction_vary_friction_and_learning_1_runs/mu_fr_0.2-learn_fr_0.155.json, verbose/25102022_friction_vary_friction_and_learning_1_runs/mu_fr_0.2-learn_fr_0.155.json.gz
    jobid: 1
    reason: Missing output files: results/25102022_friction_vary_friction_and_learning_1_runs/mu_fr_0.2-learn_fr_0.155.json
    wildcards: exp_name=mu_fr_0.2-learn_fr_0.155
    resources: tmpdir=/var/folders/0h/1n_j20xj2zzg446ph069f1z00000gn/T


[Tue Oct 25 16:42:39 2022]
rule run_simulation:
    input: data/infosys_network.gml, config_friction/vary_friction_and_learning/mu_fr_0.2-learn_fr_0.165.json
    output: results/25102022_friction_vary_friction_and_learning_1_runs/mu_fr_0.2-learn_fr_0.165.json, verbose/25102022_friction_vary_friction_and_learning_1_runs/mu_fr_0.2-learn_fr_0.165.json.gz
    jobid: 4
    reason: Missing output files: results/25102022_friction_vary_friction_and_learning_1_runs/mu_fr_0.2-learn_fr_0.165.json
    wildcards: exp_name=mu_fr_0.2-learn_fr_0.165
    resources: tmpdir=/var/folders/0h/1n_j20xj2zzg446ph069f1z00000gn/T


[Tue Oct 25 16:42:39 2022]
rule run_simulation:
    input: data/infosys_network.gml, config_friction/vary_friction_and_learning/mu_fr_0.2-learn_fr_0.17500000000000002.json
    output: results/25102022_friction_vary_friction_and_learning_1_runs/mu_fr_0.2-learn_fr_0.17500000000000002.json, verbose/25102022_friction_vary_friction_and_learning_1_runs/mu_fr_0.2-learn_fr_0.17500000000000002.json.gz
    jobid: 6
    reason: Missing output files: results/25102022_friction_vary_friction_and_learning_1_runs/mu_fr_0.2-learn_fr_0.17500000000000002.json
    wildcards: exp_name=mu_fr_0.2-learn_fr_0.17500000000000002
    resources: tmpdir=/var/folders/0h/1n_j20xj2zzg446ph069f1z00000gn/T


[Tue Oct 25 16:42:39 2022]
rule run_simulation:
    input: data/infosys_network.gml, config_friction/vary_friction_and_learning/mu_fr_0.2-learn_fr_0.185.json
    output: results/25102022_friction_vary_friction_and_learning_1_runs/mu_fr_0.2-learn_fr_0.185.json, verbose/25102022_friction_vary_friction_and_learning_1_runs/mu_fr_0.2-learn_fr_0.185.json.gz
    jobid: 8
    reason: Missing output files: results/25102022_friction_vary_friction_and_learning_1_runs/mu_fr_0.2-learn_fr_0.185.json
    wildcards: exp_name=mu_fr_0.2-learn_fr_0.185
    resources: tmpdir=/var/folders/0h/1n_j20xj2zzg446ph069f1z00000gn/T


[Tue Oct 25 16:42:39 2022]
rule run_simulation:
    input: data/infosys_network.gml, config_friction/vary_friction_and_learning/mu_fr_0.2-learn_fr_0.195.json
    output: results/25102022_friction_vary_friction_and_learning_1_runs/mu_fr_0.2-learn_fr_0.195.json, verbose/25102022_friction_vary_friction_and_learning_1_runs/mu_fr_0.2-learn_fr_0.195.json.gz
    jobid: 10
    reason: Missing output files: results/25102022_friction_vary_friction_and_learning_1_runs/mu_fr_0.2-learn_fr_0.195.json
    wildcards: exp_name=mu_fr_0.2-learn_fr_0.195
    resources: tmpdir=/var/folders/0h/1n_j20xj2zzg446ph069f1z00000gn/T


[Tue Oct 25 16:42:39 2022]
rule run_simulation:
    input: data/infosys_network.gml, config_friction/vary_friction_and_learning/mu_fr_0.2-learn_fr_0.16.json
    output: results/25102022_friction_vary_friction_and_learning_1_runs/mu_fr_0.2-learn_fr_0.16.json, verbose/25102022_friction_vary_friction_and_learning_1_runs/mu_fr_0.2-learn_fr_0.16.json.gz
    jobid: 3
    reason: Missing output files: results/25102022_friction_vary_friction_and_learning_1_runs/mu_fr_0.2-learn_fr_0.16.json
    wildcards: exp_name=mu_fr_0.2-learn_fr_0.16
    resources: tmpdir=/var/folders/0h/1n_j20xj2zzg446ph069f1z00000gn/T


[Tue Oct 25 16:42:39 2022]
rule run_simulation:
    input: data/infosys_network.gml, config_friction/vary_friction_and_learning/mu_fr_0.2-learn_fr_0.17.json
    output: results/25102022_friction_vary_friction_and_learning_1_runs/mu_fr_0.2-learn_fr_0.17.json, verbose/25102022_friction_vary_friction_and_learning_1_runs/mu_fr_0.2-learn_fr_0.17.json.gz
    jobid: 5
    reason: Missing output files: results/25102022_friction_vary_friction_and_learning_1_runs/mu_fr_0.2-learn_fr_0.17.json
    wildcards: exp_name=mu_fr_0.2-learn_fr_0.17
    resources: tmpdir=/var/folders/0h/1n_j20xj2zzg446ph069f1z00000gn/T


[Tue Oct 25 16:42:39 2022]
rule run_simulation:
    input: data/infosys_network.gml, config_friction/vary_friction_and_learning/mu_fr_0.2-learn_fr_0.18.json
    output: results/25102022_friction_vary_friction_and_learning_1_runs/mu_fr_0.2-learn_fr_0.18.json, verbose/25102022_friction_vary_friction_and_learning_1_runs/mu_fr_0.2-learn_fr_0.18.json.gz
    jobid: 7
    reason: Missing output files: results/25102022_friction_vary_friction_and_learning_1_runs/mu_fr_0.2-learn_fr_0.18.json
    wildcards: exp_name=mu_fr_0.2-learn_fr_0.18
    resources: tmpdir=/var/folders/0h/1n_j20xj2zzg446ph069f1z00000gn/T

[Tue Oct 25 16:43:18 2022]
Finished job 8.
1 of 11 steps (9%) done
Select jobs to execute...

[Tue Oct 25 16:43:19 2022]
rule run_simulation:
    input: data/infosys_network.gml, config_friction/vary_friction_and_learning/mu_fr_0.2-learn_fr_0.19.json
    output: results/25102022_friction_vary_friction_and_learning_1_runs/mu_fr_0.2-learn_fr_0.19.json, verbose/25102022_friction_vary_friction_and_learning_1_runs/mu_fr_0.2-learn_fr_0.19.json.gz
    jobid: 9
    reason: Missing output files: results/25102022_friction_vary_friction_and_learning_1_runs/mu_fr_0.2-learn_fr_0.19.json
    wildcards: exp_name=mu_fr_0.2-learn_fr_0.19
    resources: tmpdir=/var/folders/0h/1n_j20xj2zzg446ph069f1z00000gn/T

[Tue Oct 25 16:43:31 2022]
Finished job 5.
2 of 11 steps (18%) done
Select jobs to execute...

[Tue Oct 25 16:43:31 2022]
rule run_simulation:
    input: data/infosys_network.gml, config_friction/vary_friction_and_learning/mu_fr_0.2-learn_fr_0.2.json
    output: results/25102022_friction_vary_friction_and_learning_1_runs/mu_fr_0.2-learn_fr_0.2.json, verbose/25102022_friction_vary_friction_and_learning_1_runs/mu_fr_0.2-learn_fr_0.2.json.gz
    jobid: 11
    reason: Missing output files: results/25102022_friction_vary_friction_and_learning_1_runs/mu_fr_0.2-learn_fr_0.2.json
    wildcards: exp_name=mu_fr_0.2-learn_fr_0.2
    resources: tmpdir=/var/folders/0h/1n_j20xj2zzg446ph069f1z00000gn/T

[Tue Oct 25 16:43:55 2022]
Finished job 6.
3 of 11 steps (27%) done
[Tue Oct 25 16:43:58 2022]
Finished job 4.
4 of 11 steps (36%) done
[Tue Oct 25 16:43:59 2022]
Finished job 1.
5 of 11 steps (45%) done
[Tue Oct 25 16:44:13 2022]
Finished job 3.
6 of 11 steps (55%) done
[Tue Oct 25 16:44:21 2022]
Finished job 10.
7 of 11 steps (64%) done
[Tue Oct 25 16:44:38 2022]
Finished job 9.
8 of 11 steps (73%) done
[Tue Oct 25 16:46:50 2022]
Finished job 11.
9 of 11 steps (82%) done
[Tue Oct 25 16:47:23 2022]
Finished job 7.
10 of 11 steps (91%) done
Select jobs to execute...

[Tue Oct 25 16:47:23 2022]
localrule all:
    input: results/25102022_friction_vary_friction_and_learning_1_runs/mu_fr_0.2-learn_fr_0.155.json, results/25102022_friction_vary_friction_and_learning_1_runs/mu_fr_0.2-learn_fr_0.16.json, results/25102022_friction_vary_friction_and_learning_1_runs/mu_fr_0.2-learn_fr_0.165.json, results/25102022_friction_vary_friction_and_learning_1_runs/mu_fr_0.2-learn_fr_0.17.json, results/25102022_friction_vary_friction_and_learning_1_runs/mu_fr_0.2-learn_fr_0.17500000000000002.json, results/25102022_friction_vary_friction_and_learning_1_runs/mu_fr_0.2-learn_fr_0.18.json, results/25102022_friction_vary_friction_and_learning_1_runs/mu_fr_0.2-learn_fr_0.185.json, results/25102022_friction_vary_friction_and_learning_1_runs/mu_fr_0.2-learn_fr_0.19.json, results/25102022_friction_vary_friction_and_learning_1_runs/mu_fr_0.2-learn_fr_0.195.json, results/25102022_friction_vary_friction_and_learning_1_runs/mu_fr_0.2-learn_fr_0.2.json
    jobid: 0
    reason: Input files updated by another job: results/25102022_friction_vary_friction_and_learning_1_runs/mu_fr_0.2-learn_fr_0.19.json, results/25102022_friction_vary_friction_and_learning_1_runs/mu_fr_0.2-learn_fr_0.17.json, results/25102022_friction_vary_friction_and_learning_1_runs/mu_fr_0.2-learn_fr_0.155.json, results/25102022_friction_vary_friction_and_learning_1_runs/mu_fr_0.2-learn_fr_0.165.json, results/25102022_friction_vary_friction_and_learning_1_runs/mu_fr_0.2-learn_fr_0.185.json, results/25102022_friction_vary_friction_and_learning_1_runs/mu_fr_0.2-learn_fr_0.2.json, results/25102022_friction_vary_friction_and_learning_1_runs/mu_fr_0.2-learn_fr_0.195.json, results/25102022_friction_vary_friction_and_learning_1_runs/mu_fr_0.2-learn_fr_0.16.json, results/25102022_friction_vary_friction_and_learning_1_runs/mu_fr_0.2-learn_fr_0.18.json, results/25102022_friction_vary_friction_and_learning_1_runs/mu_fr_0.2-learn_fr_0.17500000000000002.json
    resources: tmpdir=/var/folders/0h/1n_j20xj2zzg446ph069f1z00000gn/T

[Tue Oct 25 16:47:23 2022]
Finished job 0.
11 of 11 steps (100%) done
Complete log: .snakemake/log/2022-10-25T164237.307234.snakemake.log
